<?xml version="1.0" encoding="UTF-8"?>
<testsuite name="com.petclinic.selenium.seleniumtest.cust.CustOwnerCreateSeleniumTest" tests="1" skipped="0" failures="0" errors="0" timestamp="2022-10-30T23:51:15" hostname="MAXIMEPC" time="7.465">
  <properties/>
  <testcase name="Test_Cust_CreateOwner" classname="com.petclinic.selenium.seleniumtest.cust.CustOwnerCreateSeleniumTest" time="7.465"/>
  <system-out><![CDATA[19:51:14.941 [Test worker] DEBUG io.github.bonigarcia.wdm.cache.ResolutionCache - Resolution chrome=106 in cache (valid until 20:47:19 30/10/2022 EDT)
19:51:14.941 [Test worker] DEBUG io.github.bonigarcia.wdm.cache.ResolutionCache - Resolution chrome106=106.0.5249.61 in cache (valid until 16:48:12 31/10/2022 EDT)
19:51:14.941 [Test worker] INFO io.github.bonigarcia.wdm.WebDriverManager - Using chromedriver 106.0.5249.61 (resolved driver for Chrome 106)
19:51:14.946 [Test worker] DEBUG io.github.bonigarcia.wdm.WebDriverManager - Driver chromedriver 106.0.5249.61 found in cache
19:51:14.946 [Test worker] INFO io.github.bonigarcia.wdm.WebDriverManager - Exporting webdriver.chrome.driver as C:\Users\dufou\.cache\selenium\chromedriver\win32\106.0.5249.61\chromedriver.exe
]]></system-out>
  <system-err><![CDATA[Starting ChromeDriver 106.0.5249.61 (511755355844955cd3e264779baf0dd38212a4d0-refs/branch-heads/5249@{#569}) on port 37876
Only local connections are allowed.
Please see https://chromedriver.chromium.org/security-considerations for suggestions on keeping ChromeDriver safe.
ChromeDriver was started successfully.
Oct. 30, 2022 7:51:15 P.M. org.openqa.selenium.remote.ProtocolHandshake createSession
INFO: Detected dialect: W3C
]]></system-err>
</testsuite>
