<?xml version="1.0" encoding="UTF-8"?>
<testsuite name="com.petclinic.selenium.seleniumtest.cust.CustSeleniumExceptionsTest" tests="2" skipped="0" failures="0" errors="0" timestamp="2022-10-30T23:51:38" hostname="MAXIMEPC" time="6.001">
  <properties/>
  <testcase name="Test_Cust_Not_Found_Exception" classname="com.petclinic.selenium.seleniumtest.cust.CustSeleniumExceptionsTest" time="2.442"/>
  <testcase name="Test_Cust_Invalid_Input_Exception" classname="com.petclinic.selenium.seleniumtest.cust.CustSeleniumExceptionsTest" time="2.779"/>
  <system-out><![CDATA[19:51:37.926 [Test worker] DEBUG io.github.bonigarcia.wdm.cache.ResolutionCache - Resolution chrome=106 in cache (valid until 20:47:19 30/10/2022 EDT)
19:51:37.927 [Test worker] DEBUG io.github.bonigarcia.wdm.cache.ResolutionCache - Resolution chrome106=106.0.5249.61 in cache (valid until 16:48:12 31/10/2022 EDT)
19:51:37.927 [Test worker] INFO io.github.bonigarcia.wdm.WebDriverManager - Using chromedriver 106.0.5249.61 (resolved driver for Chrome 106)
19:51:37.933 [Test worker] DEBUG io.github.bonigarcia.wdm.WebDriverManager - Driver chromedriver 106.0.5249.61 found in cache
19:51:37.933 [Test worker] INFO io.github.bonigarcia.wdm.WebDriverManager - Exporting webdriver.chrome.driver as C:\Users\dufou\.cache\selenium\chromedriver\win32\106.0.5249.61\chromedriver.exe
]]></system-out>
  <system-err><![CDATA[Starting ChromeDriver 106.0.5249.61 (511755355844955cd3e264779baf0dd38212a4d0-refs/branch-heads/5249@{#569}) on port 13425
Only local connections are allowed.
Please see https://chromedriver.chromium.org/security-considerations for suggestions on keeping ChromeDriver safe.
ChromeDriver was started successfully.
Oct. 30, 2022 7:51:38 P.M. org.openqa.selenium.remote.ProtocolHandshake createSession
INFO: Detected dialect: W3C
Starting ChromeDriver 106.0.5249.61 (511755355844955cd3e264779baf0dd38212a4d0-refs/branch-heads/5249@{#569}) on port 23673
Only local connections are allowed.
Please see https://chromedriver.chromium.org/security-considerations for suggestions on keeping ChromeDriver safe.
ChromeDriver was started successfully.
Oct. 30, 2022 7:51:42 P.M. org.openqa.selenium.remote.ProtocolHandshake createSession
INFO: Detected dialect: W3C
]]></system-err>
</testsuite>
